# JRE version: Java(TM) SE Runtime Environment (8.0_77-b03) (build 1.8.0_77-b03)
# Java VM: Java HotSpot(TM) 64-Bit Server VM (25.77-b03 mixed mode windows-amd64 compressed oops)
Heap:
 PSYoungGen      total 227840K, used 71507K [0x00000000eab00000, 0x00000000fae80000, 0x0000000100000000)
  eden space 208384K, 24% used [0x00000000eab00000,0x00000000edddb788,0x00000000f7680000)
  from space 19456K, 99% used [0x00000000f7680000,0x00000000f89797b0,0x00000000f8980000)
  to   space 24064K, 0% used [0x00000000f9700000,0x00000000f9700000,0x00000000fae80000)
 ParOldGen       total 87552K, used 48204K [0x00000000c0000000, 0x00000000c5580000, 0x00000000eab00000)
  object space 87552K, 55% used [0x00000000c0000000,0x00000000c2f13378,0x00000000c5580000)
 Metaspace       used 68853K, capacity 70704K, committed 71040K, reserved 1110016K
  class space    used 9013K, capacity 9505K, committed 9600K, reserved 1048576K
GC Heap History (10 events):
Event: 142.045 GC heap before
{Heap before GC invocations=18 (full 3):
 PSYoungGen      total 177152K, used 168123K [0x00000000eab00000, 0x00000000f8580000, 0x0000000100000000)
  eden space 158720K, 100% used [0x00000000eab00000,0x00000000f4600000,0x00000000f4600000)
  from space 18432K, 51% used [0x00000000f5700000,0x00000000f602eed8,0x00000000f6900000)
  to   space 17408K, 0% used [0x00000000f4600000,0x00000000f4600000,0x00000000f5700000)
 ParOldGen       total 87552K, used 41620K [0x00000000c0000000, 0x00000000c5580000, 0x00000000eab00000)
  object space 87552K, 47% used [0x00000000c0000000,0x00000000c28a5100,0x00000000c5580000)
 Metaspace       used 60675K, capacity 62096K, committed 62336K, reserved 1103872K
  class space    used 8105K, capacity 8517K, committed 8576K, reserved 1048576K
Event: 142.062 GC heap after
Heap after GC invocations=18 (full 3):
 PSYoungGen      total 176128K, used 10384K [0x00000000eab00000, 0x00000000f8680000, 0x0000000100000000)
  eden space 158720K, 0% used [0x00000000eab00000,0x00000000eab00000,0x00000000f4600000)
  from space 17408K, 59% used [0x00000000f4600000,0x00000000f50242d8,0x00000000f5700000)
  to   space 16896K, 0% used [0x00000000f7600000,0x00000000f7600000,0x00000000f8680000)
 ParOldGen       total 87552K, used 41628K [0x00000000c0000000, 0x00000000c5580000, 0x00000000eab00000)
  object space 87552K, 47% used [0x00000000c0000000,0x00000000c28a7100,0x00000000c5580000)
 Metaspace       used 60675K, capacity 62096K, committed 62336K, reserved 1103872K
  class space    used 8105K, capacity 8517K, committed 8576K, reserved 1048576K
}
Event: 152.790 GC heap before
{Heap before GC invocations=19 (full 3):
 PSYoungGen      total 176128K, used 169104K [0x00000000eab00000, 0x00000000f8680000, 0x0000000100000000)
  eden space 158720K, 100% used [0x00000000eab00000,0x00000000f4600000,0x00000000f4600000)
  from space 17408K, 59% used [0x00000000f4600000,0x00000000f50242d8,0x00000000f5700000)
  to   space 16896K, 0% used [0x00000000f7600000,0x00000000f7600000,0x00000000f8680000)
 ParOldGen       total 87552K, used 41628K [0x00000000c0000000, 0x00000000c5580000, 0x00000000eab00000)
  object space 87552K, 47% used [0x00000000c0000000,0x00000000c28a7100,0x00000000c5580000)
 Metaspace       used 62013K, capacity 63606K, committed 63744K, reserved 1103872K
  class space    used 8255K, capacity 8659K, committed 8704K, reserved 1048576K
Event: 152.802 GC heap after
Heap after GC invocations=19 (full 3):
 PSYoungGen      total 197632K, used 7677K [0x00000000eab00000, 0x00000000f8100000, 0x0000000100000000)
  eden space 186368K, 0% used [0x00000000eab00000,0x00000000eab00000,0x00000000f6100000)
  from space 11264K, 68% used [0x00000000f7600000,0x00000000f7d7f670,0x00000000f8100000)
  to   space 16384K, 0% used [0x00000000f6100000,0x00000000f6100000,0x00000000f7100000)
 ParOldGen       total 87552K, used 41636K [0x00000000c0000000, 0x00000000c5580000, 0x00000000eab00000)
  object space 87552K, 47% used [0x00000000c0000000,0x00000000c28a9100,0x00000000c5580000)
 Metaspace       used 62013K, capacity 63606K, committed 63744K, reserved 1103872K
  class space    used 8255K, capacity 8659K, committed 8704K, reserved 1048576K
}
Event: 179.271 GC heap before
{Heap before GC invocations=20 (full 3):
 PSYoungGen      total 197632K, used 194045K [0x00000000eab00000, 0x00000000f8100000, 0x0000000100000000)
  eden space 186368K, 100% used [0x00000000eab00000,0x00000000f6100000,0x00000000f6100000)
  from space 11264K, 68% used [0x00000000f7600000,0x00000000f7d7f670,0x00000000f8100000)
  to   space 16384K, 0% used [0x00000000f6100000,0x00000000f6100000,0x00000000f7100000)
 ParOldGen       total 87552K, used 41636K [0x00000000c0000000, 0x00000000c5580000, 0x00000000eab00000)
  object space 87552K, 47% used [0x00000000c0000000,0x00000000c28a9100,0x00000000c5580000)
 Metaspace       used 67895K, capacity 69592K, committed 69888K, reserved 1110016K
  class space    used 8921K, capacity 9408K, committed 9472K, reserved 1048576K
Event: 179.292 GC heap after
Heap after GC invocations=20 (full 3):
 PSYoungGen      total 202752K, used 16366K [0x00000000eab00000, 0x00000000fa080000, 0x0000000100000000)
  eden space 186368K, 0% used [0x00000000eab00000,0x00000000eab00000,0x00000000f6100000)
  from space 16384K, 99% used [0x00000000f6100000,0x00000000f70fbb10,0x00000000f7100000)
  to   space 18944K, 0% used [0x00000000f8e00000,0x00000000f8e00000,0x00000000fa080000)
 ParOldGen       total 87552K, used 42437K [0x00000000c0000000, 0x00000000c5580000, 0x00000000eab00000)
  object space 87552K, 48% used [0x00000000c0000000,0x00000000c2971750,0x00000000c5580000)
 Metaspace       used 67895K, capacity 69592K, committed 69888K, reserved 1110016K
  class space    used 8921K, capacity 9408K, committed 9472K, reserved 1048576K
}
Event: 193.700 GC heap before
{Heap before GC invocations=21 (full 3):
 PSYoungGen      total 202752K, used 202734K [0x00000000eab00000, 0x00000000fa080000, 0x0000000100000000)
  eden space 186368K, 100% used [0x00000000eab00000,0x00000000f6100000,0x00000000f6100000)
  from space 16384K, 99% used [0x00000000f6100000,0x00000000f70fbb10,0x00000000f7100000)
  to   space 18944K, 0% used [0x00000000f8e00000,0x00000000f8e00000,0x00000000fa080000)
 ParOldGen       total 87552K, used 42437K [0x00000000c0000000, 0x00000000c5580000, 0x00000000eab00000)
  object space 87552K, 48% used [0x00000000c0000000,0x00000000c2971750,0x00000000c5580000)
 Metaspace       used 68352K, capacity 70036K, committed 70272K, reserved 1110016K
  class space    used 8993K, capacity 9479K, committed 9600K, reserved 1048576K
Event: 193.721 GC heap after
Heap after GC invocations=21 (full 3):
 PSYoungGen      total 217088K, used 14751K [0x00000000eab00000, 0x00000000f9c80000, 0x0000000100000000)
  eden space 202240K, 0% used [0x00000000eab00000,0x00000000eab00000,0x00000000f7080000)
  from space 14848K, 99% used [0x00000000f8e00000,0x00000000f9c67ed0,0x00000000f9c80000)
  to   space 19456K, 0% used [0x00000000f7680000,0x00000000f7680000,0x00000000f8980000)
 ParOldGen       total 87552K, used 42445K [0x00000000c0000000, 0x00000000c5580000, 0x00000000eab00000)
  object space 87552K, 48% used [0x00000000c0000000,0x00000000c2973750,0x00000000c5580000)
 Metaspace       used 68352K, capacity 70036K, committed 70272K, reserved 1110016K
  class space    used 8993K, capacity 9479K, committed 9600K, reserved 1048576K
}
Event: 221.065 GC heap before
{Heap before GC invocations=22 (full 3):
 PSYoungGen      total 217088K, used 216991K [0x00000000eab00000, 0x00000000f9c80000, 0x0000000100000000)
  eden space 202240K, 100% used [0x00000000eab00000,0x00000000f7080000,0x00000000f7080000)
  from space 14848K, 99% used [0x00000000f8e00000,0x00000000f9c67ed0,0x00000000f9c80000)
  to   space 19456K, 0% used [0x00000000f7680000,0x00000000f7680000,0x00000000f8980000)
 ParOldGen       total 87552K, used 42445K [0x00000000c0000000, 0x00000000c5580000, 0x00000000eab00000)
  object space 87552K, 48% used [0x00000000c0000000,0x00000000c2973750,0x00000000c5580000)
 Metaspace       used 68791K, capacity 70640K, committed 70784K, reserved 1110016K
  class space    used 9012K, capacity 9505K, committed 9600K, reserved 1048576K
Event: 221.119 GC heap after
Heap after GC invocations=22 (full 3):
 PSYoungGen      total 227840K, used 19429K [0x00000000eab00000, 0x00000000fae80000, 0x0000000100000000)
  eden space 208384K, 0% used [0x00000000eab00000,0x00000000eab00000,0x00000000f7680000)
  from space 19456K, 99% used [0x00000000f7680000,0x00000000f89797b0,0x00000000f8980000)
  to   space 24064K, 0% used [0x00000000f9700000,0x00000000f9700000,0x00000000fae80000)
 ParOldGen       total 87552K, used 48204K [0x00000000c0000000, 0x00000000c5580000, 0x00000000eab00000)
  object space 87552K, 55% used [0x00000000c0000000,0x00000000c2f13378,0x00000000c5580000)
 Metaspace       used 68791K, capacity 70640K, committed 70784K, reserved 1110016K
  class space    used 9012K, capacity 9505K, committed 9600K, reserved 1048576K
}

